{"@timestamp":"2024-06-01T10:00:01Z","EventCode":"4624","LogonType":"10","AccountName":"admin_user","SourceNetworkAddress":"192.168.1.45","AuthenticationPackage":"NTLM","ComputerName":"SCADA-HMI-01","host":{"name":"SCADA-HMI-01","hostname":"SCADA-HMI-01"},"message":"An account was successfully logged on. Logon Type: 10 (RemoteInteractive)"}
{"@timestamp":"2024-06-01T10:00:15Z","EventCode":"4688","NewProcessName":"C:\\Windows\\System32\\cmd.exe","ParentProcessName":"C:\\Windows\\System32\\svchost.exe","CommandLine":"cmd.exe /c net localgroup administrators","SubjectUserName":"admin_user","ComputerName":"SCADA-HMI-01","host":{"name":"SCADA-HMI-01"},"message":"A new process has been created. Process: cmd.exe"}
{"@timestamp":"2024-06-01T10:00:22Z","TagName":"REACTOR_TEMP_HIGH","CurrentValue":"185.3","SetpointLimit":"150.0","AlarmState":"HIGH_HIGH","Severity":"CRITICAL","Area":"REACTOR_ZONE_A","ControllerIP":"10.0.1.25","Unit":"degC","source":"HMI_AlarmServer","message":"Process alarm: REACTOR_TEMP_HIGH exceeded HIGH_HIGH limit 185.3 > 150.0 degC"}
{"@timestamp":"2024-06-01T10:00:35Z","TagName":"PUMP_FLOW_LOW","CurrentValue":"0.2","SetpointLimit":"5.0","AlarmState":"LOW_LOW","Severity":"HIGH","Area":"COOLANT_LOOP","ControllerIP":"10.0.1.26","Unit":"m3/h","source":"historian","message":"Process alarm LOW_LOW: coolant flow rate critical trip interlock activated"}
{"@timestamp":"2024-06-01T10:01:00Z","auditd":{"type":"SYSCALL","syscall":"execve","uid":"1000","euid":"0","pid":"3892","ppid":"3891","exe":"/usr/bin/sudo","key":"sudo_exec"},"host":{"name":"eng-workstation-03"},"message":"auditd SYSCALL execve sudo pkexec invocation uid 1000 euid 0"}
{"@timestamp":"2024-06-01T10:01:12Z","EventCode":"7","ImageLoaded":"C:\\Temp\\malicious.dll","Image":"C:\\Windows\\System32\\rundll32.exe","ProcessId":"5401","Signed":"false","Hashes":"SHA256=deadbeef1234","source":"WinEventLog:Sysmon","ComputerName":"ENG-WORKSTATION-02","message":"Sysmon EventCode 7 Module Load: unsigned DLL loaded from temp path"}
{"@timestamp":"2024-06-01T10:01:30Z","EventCode":"5140","ShareName":"\\\\*\\IPC$","SharePath":"\\\\DOMAIN-DC01\\IPC$","SourceAddress":"192.168.1.45","AccountName":"admin_user","AccessMask":"0x1","ObjectType":"File","ComputerName":"DOMAIN-DC01","message":"Network Share Access 5140: IPC$ share accessed from 192.168.1.45"}
{"@timestamp":"2024-06-01T10:01:45Z","EventCode":"4689","ProcessName":"C:\\Windows\\System32\\MsMpEng.exe","ProcessId":"1234","ParentProcessId":"444","ExitStatus":"0","User":"SYSTEM","ComputerName":"SCADA-HMI-01","source":"WinEventLog:Security","message":"Process Termination EventCode 4689: MsMpEng.exe (Windows Defender) terminated unexpectedly"}
{"@timestamp":"2024-06-01T10:02:00Z","source":"auditd:SYSCALL","syscall":"kill","uid":"999","target_pid":"2341","signal":"9","exe":"/bin/bash","message":"auditd kill syscall targeting logging process rsyslog kill syscall security process terminated"}
{"@timestamp":"2024-06-01T10:02:15Z","modbus":{"function_code":"FC3","exception_code":"02","slave_address":"12","transaction_id":"4491","error":"Illegal Data Address"},"ControllerIP":"10.0.1.27","source":"modbus_gateway","message":"Modbus TCP exception code 02 Illegal Data Address from PLC 10.0.1.27 modbus exception"}
{"@timestamp":"2024-06-01T10:02:30Z","source":"firmware:integrity","device":"cisco_asr_1001","component":"bootloader","status":"MISMATCH","expected_hash":"abc123","actual_hash":"xyz999","message":"Firmware integrity verification failure: bootloader hash mismatch UEFI secure boot validation failed"}
{"@timestamp":"2024-06-01T10:02:45Z","source":"auditd:MMAP","uid":"1001","exe":"/tmp/loader.so","flags":"RWX","address":"0x7f00000","size":"4096","message":"auditd mmap memory region with RWX permissions allocated suspicious dlopen ptrace mmap mprotect"}
{"@timestamp":"2024-06-01T10:03:00Z","source":"linux:syslog","process":"sshd","pid":"9988","user":"ubuntu","remote_ip":"203.0.113.42","message":"sshd Accepted publickey for ubuntu from 203.0.113.42 port 54321 ssh2 authentication success"}
{"@timestamp":"2024-06-01T10:03:15Z","source":"WinEventLog:Sysmon","EventCode":"23","FilePath":"C:\\Windows\\System32\\winevt\\Logs\\Security.evtx","ProcessName":"cmd.exe","ProcessId":"8812","ComputerName":"SCADA-HMI-01","message":"Sysmon EventCode 23 File Deletion: Security.evtx deleted by cmd.exe unlink file deletion"}
{"@timestamp":"2024-06-01T10:03:30Z","source":"etw:Microsoft-Windows-Kernel-Process","EventCode":"4","ProcessId":"7712","ParentProcessId":"5500","ImagePath":"C:\\Windows\\System32\\cmd.exe","NtCreateProcessEx":true,"WriteProcessMemory":true,"VirtualAllocEx":true,"message":"ETW NtCreateProcessEx WriteProcessMemory VirtualAllocEx API calls process injection sequence detected"}
{"@timestamp":"2024-06-01T10:04:00Z","source":"WinEventLog:Security","EventCode":"4672","AccountName":"svc_scada","LogonId":"0x3E7","Privileges":"SeDebugPrivilege SeLoadDriverPrivilege","ComputerName":"SCADA-HMI-01","message":"EventCode 4672 Special Logon: SeDebugPrivilege assigned to svc_scada logon session metadata"}
{"@timestamp":"2024-06-01T10:04:20Z","prefetch_file":"C:\\Windows\\Prefetch\\MALWARE.EXE-AB12CD34.pf","executable_path":"C:\\Users\\Public\\malware.exe","last_run_time":"2024-06-01T10:04:15Z","run_count":"3","file_hash":"SHA1=cafebabe","source":"forensic_collector","message":"Prefetch amcache shimcache process history last execution evidence malware.exe run count 3 userassist"}
{"@timestamp":"2024-06-01T10:05:00Z","source":"WinEventLog:Security","EventCode":"5145","ShareName":"\\\\*\\SYSVOL","AccountName":"attacker","SourceAddress":"10.0.2.99","AccessMask":"0x12019f","ComputerName":"DOMAIN-DC01","message":"Network share object access 5145 SYSVOL share attacker SMB CIFS lateral movement"}
{"@timestamp":"2024-06-01T10:05:15Z","source":"dnp3","event_type":"UNSOLICITED_RESPONSE","outstation_ip":"10.0.1.28","master_ip":"10.0.1.1","point_type":"BINARY_INPUT","value":"1","timestamp_utc":"2024-06-01T10:05:14Z","message":"DNP3 unsolicited response critical state change binary input interlock trip safety instrumented system"}
{"@timestamp":"2024-06-01T10:05:30Z","source":"macos:unifiedlog","process":"loginwindow","pid":"312","user":"jsmith","event":"UserLoggedIn","remote_ip":"172.16.0.5","message":"macos loginwindow sshd UserLoggedIn authentication logon session creation successful login"}
